<?xml version="1.0" encoding="UTF-8"?>
<testsuite name="com.wordz.domain.WordTest" tests="1" skipped="0" failures="0" errors="0" timestamp="2023-04-17T17:00:56" hostname="Lenovo" time="0.083">
  <properties/>
  <testcase name="allScoreCombinations()" classname="com.wordz.domain.WordTest" time="0.083"/>
  <system-out><![CDATA[]]></system-out>
  <system-err><![CDATA[]]></system-err>
</testsuite>
